c:\users\yamashita.shun\desktop\game_refactoring\release\vc140.pdb
c:\users\yamashita.shun\desktop\game_refactoring\release\imgui_draw.obj
c:\users\yamashita.shun\desktop\game_refactoring\release\imgui_demo.obj
c:\users\yamashita.shun\desktop\game_refactoring\release\imgui.obj
c:\users\yamashita.shun\desktop\game_refactoring\release\hitfield.obj
c:\users\yamashita.shun\desktop\game_refactoring\release\field.obj
c:\users\yamashita.shun\desktop\game_refactoring\release\emitter.obj
c:\users\yamashita.shun\desktop\game_refactoring\release\colision.obj
c:\users\yamashita.shun\desktop\game_refactoring\release\characterai.obj
c:\users\yamashita.shun\desktop\game_refactoring\release\behaviorsequence.obj
c:\users\yamashita.shun\desktop\game_refactoring\release\behaviorai.obj
c:\users\yamashita.shun\desktop\game_refactoring\release\animation.obj
c:\users\yamashita.shun\desktop\game_refactoring\release\aimanager.obj
c:\users\yamashita.shun\desktop\game_refactoring\release\metaai.obj
c:\users\yamashita.shun\desktop\game_refactoring\release\meshcube.obj
c:\users\yamashita.shun\desktop\game_refactoring\release\keyboard.obj
c:\users\yamashita.shun\desktop\game_refactoring\release\joystick.obj
c:\users\yamashita.shun\desktop\game_refactoring\release\item.obj
c:\users\yamashita.shun\desktop\game_refactoring\release\input.obj
c:\users\yamashita.shun\desktop\game_refactoring\release\imgui_impl_dx9.obj
c:\users\yamashita.shun\desktop\game_refactoring\release\selectruleai.obj
c:\users\yamashita.shun\desktop\game_refactoring\release\scene.obj
c:\users\yamashita.shun\desktop\game_refactoring\release\tutorial.obj
c:\users\yamashita.shun\desktop\game_refactoring\release\tool.obj
c:\users\yamashita.shun\desktop\game_refactoring\release\titlepress.obj
c:\users\yamashita.shun\desktop\game_refactoring\release\title.obj
c:\users\yamashita.shun\desktop\game_refactoring\release\statechase.obj
c:\users\yamashita.shun\desktop\game_refactoring\release\stateanimator.obj
c:\users\yamashita.shun\desktop\game_refactoring\release\stateainormal.obj
c:\users\yamashita.shun\desktop\game_refactoring\release\stateaimanager.obj
c:\users\yamashita.shun\desktop\game_refactoring\release\stateaicaution.obj
c:\users\yamashita.shun\desktop\game_refactoring\release\sound.obj
c:\users\yamashita.shun\desktop\game_refactoring\release\xboxcontroller.obj
c:\users\yamashita.shun\desktop\game_refactoring\release\xact.obj
c:\users\yamashita.shun\desktop\game_refactoring\release\stdafx.obj
c:\users\yamashita.shun\desktop\game_refactoring\release\akdefaultiohookdeferred.obj
c:\users\yamashita.shun\desktop\game_refactoring\release\akdefaultiohookblocking.obj
c:\users\yamashita.shun\desktop\game_refactoring\release\akfilepackagelut.obj
c:\users\yamashita.shun\desktop\game_refactoring\release\akfilepackage.obj
c:\users\yamashita.shun\desktop\game_refactoring\release\akfilelocationbase.obj
c:\users\yamashita.shun\desktop\game_refactoring\release\akdefaultlowleveliodispatcher.obj
c:\users\yamashita.shun\desktop\game_refactoring\release\wwise.obj
c:\users\yamashita.shun\desktop\game_refactoring\release\vector4d.obj
c:\users\yamashita.shun\desktop\game_refactoring\release\vector3d.obj
c:\users\yamashita.shun\desktop\game_refactoring\release\vector2d.obj
c:\users\yamashita.shun\desktop\game_refactoring\release\utility.obj
c:\users\yamashita.shun\desktop\game_refactoring\release\unityfbx.obj
c:\users\yamashita.shun\desktop\game_refactoring\release\main.obj
c:\users\yamashita.shun\desktop\game_refactoring\release\magictornade.obj
c:\users\yamashita.shun\desktop\game_refactoring\release\magiclightning.obj
c:\users\yamashita.shun\desktop\game_refactoring\release\magicfire.obj
c:\users\yamashita.shun\desktop\game_refactoring\release\light.obj
c:\users\yamashita.shun\desktop\game_refactoring\release\life.obj
c:\users\yamashita.shun\desktop\game_refactoring\release\game.obj
c:\users\yamashita.shun\desktop\game_refactoring\release\fade.obj
c:\users\yamashita.shun\desktop\game_refactoring\release\enemy.obj
c:\users\yamashita.shun\desktop\game_refactoring\release\effekseermanager.obj
c:\users\yamashita.shun\desktop\game_refactoring\release\crystalmagic.obj
c:\users\yamashita.shun\desktop\game_refactoring\release\camera.obj
c:\users\yamashita.shun\desktop\game_refactoring\release\bullet.obj
c:\users\yamashita.shun\desktop\game_refactoring\release\brave.obj
c:\users\yamashita.shun\desktop\game_refactoring\release\scene2dl.obj
c:\users\yamashita.shun\desktop\game_refactoring\release\scene2d.obj
c:\users\yamashita.shun\desktop\game_refactoring\release\result.obj
c:\users\yamashita.shun\desktop\game_refactoring\release\renderer.obj
c:\users\yamashita.shun\desktop\game_refactoring\release\readyselect.obj
c:\users\yamashita.shun\desktop\game_refactoring\release\playerui.obj
c:\users\yamashita.shun\desktop\game_refactoring\release\playerselect.obj
c:\users\yamashita.shun\desktop\game_refactoring\release\playerresult.obj
c:\users\yamashita.shun\desktop\game_refactoring\release\player.obj
c:\users\yamashita.shun\desktop\game_refactoring\release\particle.obj
c:\users\yamashita.shun\desktop\game_refactoring\release\objectfbx.obj
c:\users\yamashita.shun\desktop\game_refactoring\release\number.obj
c:\users\yamashita.shun\desktop\game_refactoring\release\meshwall.obj
c:\users\yamashita.shun\desktop\game_refactoring\release\meshsphere.obj
c:\users\yamashita.shun\desktop\game_refactoring\release\meshfield.obj
c:\users\yamashita.shun\desktop\game_refactoring\release\meshdome.obj
c:\users\yamashita.shun\desktop\game_refactoring\release\manager.obj
c:\users\yamashita.shun\desktop\game_refactoring\release\test.obj
c:\users\yamashita.shun\desktop\game_refactoring\release\teamlogo.obj
c:\users\yamashita.shun\desktop\game_refactoring\release\stencilshadow.obj
c:\users\yamashita.shun\desktop\game_refactoring\release\stageselect2d.obj
c:\users\yamashita.shun\desktop\game_refactoring\release\stageselect.obj
c:\users\yamashita.shun\desktop\game_refactoring\release\shadow.obj
c:\users\yamashita.shun\desktop\game_refactoring\release\shadermanager.obj
c:\users\yamashita.shun\desktop\game_refactoring\release\shader3dnotexture.obj
c:\users\yamashita.shun\desktop\game_refactoring\release\shader3dnolight.obj
c:\users\yamashita.shun\desktop\game_refactoring\release\shader3d.obj
c:\users\yamashita.shun\desktop\game_refactoring\release\selectvsmode.obj
c:\users\yamashita.shun\desktop\game_refactoring\release\scenemodelparts.obj
c:\users\yamashita.shun\desktop\game_refactoring\release\scenemodelanim.obj
c:\users\yamashita.shun\desktop\game_refactoring\release\scenemodel.obj
c:\users\yamashita.shun\desktop\game_refactoring\release\scenefbx.obj
c:\users\yamashita.shun\desktop\game_refactoring\release\scenebg.obj
c:\users\yamashita.shun\desktop\game_refactoring\release\scene3d.obj
c:\users\yamashita.shun\desktop\game_refactoring\release\texture.obj
c:\users\yamashita.shun\desktop\game_refactoring\release\playerlockondash.obj
c:\users\yamashita.shun\desktop\game_refactoring\release\playerlanding.obj
c:\users\yamashita.shun\desktop\game_refactoring\release\playerjump.obj
c:\users\yamashita.shun\desktop\game_refactoring\release\playerhpattack000before.obj
c:\users\yamashita.shun\desktop\game_refactoring\release\playerhpattack000after.obj
c:\users\yamashita.shun\desktop\game_refactoring\release\playerguard.obj
c:\users\yamashita.shun\desktop\game_refactoring\release\playerescape.obj
c:\users\yamashita.shun\desktop\game_refactoring\release\playerbraveattack000.obj
c:\users\yamashita.shun\desktop\game_refactoring\release\playerblow.obj
c:\users\yamashita.shun\desktop\game_refactoring\release\playerbend.obj
c:\users\yamashita.shun\desktop\game_refactoring\release\playerrushattack.obj
c:\users\yamashita.shun\desktop\game_refactoring\release\playerresultwin.obj
c:\users\yamashita.shun\desktop\game_refactoring\release\playerresultlose.obj
c:\users\yamashita.shun\desktop\game_refactoring\release\playerpassive.obj
c:\users\yamashita.shun\desktop\game_refactoring\release\playerneutral.obj
c:\users\yamashita.shun\desktop\game_refactoring\release\playermove.obj
c:\users\yamashita.shun\desktop\game_refactoring\release\playermagicready.obj
c:\users\yamashita.shun\desktop\game_refactoring\release\playermagicactive.obj
c:\users\yamashita.shun\desktop\game_refactoring\release\playerstate.obj
c:\users\yamashita.shun\desktop\game_refactoring\release\playerhpattack000.obj
c:\users\yamashita.shun\desktop\game_refactoring\release\playerbraveattack000before.obj
c:\users\yamashita.shun\desktop\game_refactoring\release\playerbraveattack000after.obj
c:\users\yamashita.shun\desktop\game_refactoring\gm31_lessonrelease.lib
c:\users\yamashita.shun\desktop\game_refactoring\gm31_lessonrelease.exp
c:\users\yamashita.shun\desktop\game_refactoring\gm31_lessonrelease.exe
c:\users\yamashita.shun\desktop\game_refactoring\gm31_lessonrelease.ipdb
c:\users\yamashita.shun\desktop\game_refactoring\gm31_lessonrelease.iobj
c:\users\yamashita.shun\desktop\game_refactoring\gm31_lessonrelease.pdb
c:\users\yamashita.shun\desktop\game_refactoring\release\shader.obj
c:\users\yamashita.shun\desktop\game_refactoring\\gm31_lessonrelease.pdb
c:\users\yamashita.shun\desktop\game_refactoring\\gm31_lessonrelease.exe
c:\users\yamashita.shun\desktop\game_refactoring\release\gm31_lesson.tlog\cl.command.1.tlog
c:\users\yamashita.shun\desktop\game_refactoring\release\gm31_lesson.tlog\cl.read.1.tlog
c:\users\yamashita.shun\desktop\game_refactoring\release\gm31_lesson.tlog\cl.write.1.tlog
c:\users\yamashita.shun\desktop\game_refactoring\release\gm31_lesson.tlog\gm31_lesson.write.1u.tlog
c:\users\yamashita.shun\desktop\game_refactoring\release\gm31_lesson.tlog\link.command.1.tlog
c:\users\yamashita.shun\desktop\game_refactoring\release\gm31_lesson.tlog\link.read.1.tlog
c:\users\yamashita.shun\desktop\game_refactoring\release\gm31_lesson.tlog\link.write.1.tlog
