c:\users\yamashita.shun\desktop\earnest\game2\debug\vc140.pdb
c:\users\yamashita.shun\desktop\earnest\game2\debug\vc140.idb
c:\users\yamashita.shun\desktop\earnest\game2\debug\scenemodelanim.obj
c:\users\yamashita.shun\desktop\earnest\game2\debug\scenemodelparts.obj
c:\users\yamashita.shun\desktop\earnest\game2\debug\shadow.obj
c:\users\yamashita.shun\desktop\earnest\game2\debug\sound.obj
c:\users\yamashita.shun\desktop\earnest\game2\debug\stageselect.obj
c:\users\yamashita.shun\desktop\earnest\game2\debug\stageselect2d.obj
c:\users\yamashita.shun\desktop\earnest\game2\debug\stateanimator.obj
c:\users\yamashita.shun\desktop\earnest\game2\debug\teamlogo.obj
c:\users\yamashita.shun\desktop\earnest\game2\debug\texture.obj
c:\users\yamashita.shun\desktop\earnest\game2\debug\title.obj
c:\users\yamashita.shun\desktop\earnest\game2\debug\titlepress.obj
c:\users\yamashita.shun\desktop\earnest\game2\debug\tool.obj
c:\users\yamashita.shun\desktop\earnest\game2\debug\tutorial.obj
c:\users\yamashita.shun\desktop\earnest\game2\debug\ui.obj
c:\users\yamashita.shun\desktop\earnest\game2\debug\utility.obj
c:\users\yamashita.shun\desktop\earnest\game2\debug\vector2d.obj
c:\users\yamashita.shun\desktop\earnest\game2\debug\vector3d.obj
c:\users\yamashita.shun\desktop\earnest\game2\debug\vector4d.obj
c:\users\yamashita.shun\desktop\earnest\game2\debug\xact.obj
c:\users\yamashita.shun\desktop\earnest\game2\debug\xboxcontroller.obj
c:\users\yamashita.shun\desktop\earnest\game2\debug\light.obj
c:\users\yamashita.shun\desktop\earnest\game2\debug\main.obj
c:\users\yamashita.shun\desktop\earnest\game2\debug\manager.obj
c:\users\yamashita.shun\desktop\earnest\game2\debug\meshcube.obj
c:\users\yamashita.shun\desktop\earnest\game2\debug\meshdome.obj
c:\users\yamashita.shun\desktop\earnest\game2\debug\meshfield.obj
c:\users\yamashita.shun\desktop\earnest\game2\debug\meshsphere.obj
c:\users\yamashita.shun\desktop\earnest\game2\debug\meshwall.obj
c:\users\yamashita.shun\desktop\earnest\game2\debug\number.obj
c:\users\yamashita.shun\desktop\earnest\game2\debug\particle.obj
c:\users\yamashita.shun\desktop\earnest\game2\debug\player.obj
c:\users\yamashita.shun\desktop\earnest\game2\debug\renderer.obj
c:\users\yamashita.shun\desktop\earnest\game2\debug\result.obj
c:\users\yamashita.shun\desktop\earnest\game2\debug\scene.obj
c:\users\yamashita.shun\desktop\earnest\game2\debug\scene2d.obj
c:\users\yamashita.shun\desktop\earnest\game2\debug\scene2dl.obj
c:\users\yamashita.shun\desktop\earnest\game2\debug\scene3d.obj
c:\users\yamashita.shun\desktop\earnest\game2\debug\scenebg.obj
c:\users\yamashita.shun\desktop\earnest\game2\debug\scenefbx.obj
c:\users\yamashita.shun\desktop\earnest\game2\debug\scenemodel.obj
c:\users\yamashita.shun\desktop\earnest\game2\debug\animation.obj
c:\users\yamashita.shun\desktop\earnest\game2\debug\brave.obj
c:\users\yamashita.shun\desktop\earnest\game2\debug\bullet.obj
c:\users\yamashita.shun\desktop\earnest\game2\debug\camera.obj
c:\users\yamashita.shun\desktop\earnest\game2\debug\colision.obj
c:\users\yamashita.shun\desktop\earnest\game2\debug\effekseermanager.obj
c:\users\yamashita.shun\desktop\earnest\game2\debug\emitter.obj
c:\users\yamashita.shun\desktop\earnest\game2\debug\enemy.obj
c:\users\yamashita.shun\desktop\earnest\game2\debug\fade.obj
c:\users\yamashita.shun\desktop\earnest\game2\debug\field.obj
c:\users\yamashita.shun\desktop\earnest\game2\debug\game.obj
c:\users\yamashita.shun\desktop\earnest\game2\debug\hitfield.obj
c:\users\yamashita.shun\desktop\earnest\game2\debug\imgui.obj
c:\users\yamashita.shun\desktop\earnest\game2\debug\imgui_demo.obj
c:\users\yamashita.shun\desktop\earnest\game2\debug\imgui_draw.obj
c:\users\yamashita.shun\desktop\earnest\game2\debug\imgui_impl_dx9.obj
c:\users\yamashita.shun\desktop\earnest\game2\debug\input.obj
c:\users\yamashita.shun\desktop\earnest\game2\debug\joystick.obj
c:\users\yamashita.shun\desktop\earnest\game2\debug\keyboard.obj
c:\users\yamashita.shun\desktop\earnest\game2\debug\life.obj
c:\users\yamashita.shun\desktop\earnest\game2\debug\ai.obj
c:\users\yamashita.shun\desktop\earnest\game2\debug\behaviorai.obj
c:\users\yamashita.shun\desktop\earnest\game2\debug\selectruleai.obj
c:\users\yamashita.shun\desktop\earnest\game2\debug\stateai.obj
c:\users\yamashita.shun\desktop\earnest\game2\debug\behaviorsequence.obj
c:\users\yamashita.shun\desktop\earnest\game3\debug\vc140.pdb
c:\users\yamashita.shun\desktop\earnest\game3\debug\vc140.idb
c:\users\yamashita.shun\desktop\earnest\game3\debug\selectruleai.obj
c:\users\yamashita.shun\desktop\earnest\game3\debug\shadow.obj
c:\users\yamashita.shun\desktop\earnest\game3\debug\sound.obj
c:\users\yamashita.shun\desktop\earnest\game3\debug\stageselect.obj
c:\users\yamashita.shun\desktop\earnest\game3\debug\stageselect2d.obj
c:\users\yamashita.shun\desktop\earnest\game3\debug\stateai.obj
c:\users\yamashita.shun\desktop\earnest\game3\debug\stateanimator.obj
c:\users\yamashita.shun\desktop\earnest\game3\debug\teamlogo.obj
c:\users\yamashita.shun\desktop\earnest\game3\debug\texture.obj
c:\users\yamashita.shun\desktop\earnest\game3\debug\title.obj
c:\users\yamashita.shun\desktop\earnest\game3\debug\titlepress.obj
c:\users\yamashita.shun\desktop\earnest\game3\debug\tool.obj
c:\users\yamashita.shun\desktop\earnest\game3\debug\tutorial.obj
c:\users\yamashita.shun\desktop\earnest\game3\debug\ui.obj
c:\users\yamashita.shun\desktop\earnest\game3\debug\utility.obj
c:\users\yamashita.shun\desktop\earnest\game3\debug\vector2d.obj
c:\users\yamashita.shun\desktop\earnest\game3\debug\vector3d.obj
c:\users\yamashita.shun\desktop\earnest\game3\debug\vector4d.obj
c:\users\yamashita.shun\desktop\earnest\game3\debug\xact.obj
c:\users\yamashita.shun\desktop\earnest\game3\debug\xboxcontroller.obj
c:\users\yamashita.shun\desktop\earnest\game3\debug\manager.obj
c:\users\yamashita.shun\desktop\earnest\game3\debug\meshcube.obj
c:\users\yamashita.shun\desktop\earnest\game3\debug\meshdome.obj
c:\users\yamashita.shun\desktop\earnest\game3\debug\meshfield.obj
c:\users\yamashita.shun\desktop\earnest\game3\debug\meshsphere.obj
c:\users\yamashita.shun\desktop\earnest\game3\debug\meshwall.obj
c:\users\yamashita.shun\desktop\earnest\game3\debug\number.obj
c:\users\yamashita.shun\desktop\earnest\game3\debug\particle.obj
c:\users\yamashita.shun\desktop\earnest\game3\debug\player.obj
c:\users\yamashita.shun\desktop\earnest\game3\debug\renderer.obj
c:\users\yamashita.shun\desktop\earnest\game3\debug\result.obj
c:\users\yamashita.shun\desktop\earnest\game3\debug\scene.obj
c:\users\yamashita.shun\desktop\earnest\game3\debug\scene2d.obj
c:\users\yamashita.shun\desktop\earnest\game3\debug\scene2dl.obj
c:\users\yamashita.shun\desktop\earnest\game3\debug\scene3d.obj
c:\users\yamashita.shun\desktop\earnest\game3\debug\scenebg.obj
c:\users\yamashita.shun\desktop\earnest\game3\debug\scenefbx.obj
c:\users\yamashita.shun\desktop\earnest\game3\debug\scenemodel.obj
c:\users\yamashita.shun\desktop\earnest\game3\debug\scenemodelanim.obj
c:\users\yamashita.shun\desktop\earnest\game3\debug\scenemodelparts.obj
c:\users\yamashita.shun\desktop\earnest\game3\debug\bullet.obj
c:\users\yamashita.shun\desktop\earnest\game3\debug\camera.obj
c:\users\yamashita.shun\desktop\earnest\game3\debug\colision.obj
c:\users\yamashita.shun\desktop\earnest\game3\debug\effekseermanager.obj
c:\users\yamashita.shun\desktop\earnest\game3\debug\emitter.obj
c:\users\yamashita.shun\desktop\earnest\game3\debug\enemy.obj
c:\users\yamashita.shun\desktop\earnest\game3\debug\fade.obj
c:\users\yamashita.shun\desktop\earnest\game3\debug\field.obj
c:\users\yamashita.shun\desktop\earnest\game3\debug\game.obj
c:\users\yamashita.shun\desktop\earnest\game3\debug\hitfield.obj
c:\users\yamashita.shun\desktop\earnest\game3\debug\imgui.obj
c:\users\yamashita.shun\desktop\earnest\game3\debug\imgui_demo.obj
c:\users\yamashita.shun\desktop\earnest\game3\debug\imgui_draw.obj
c:\users\yamashita.shun\desktop\earnest\game3\debug\imgui_impl_dx9.obj
c:\users\yamashita.shun\desktop\earnest\game3\debug\input.obj
c:\users\yamashita.shun\desktop\earnest\game3\debug\joystick.obj
c:\users\yamashita.shun\desktop\earnest\game3\debug\keyboard.obj
c:\users\yamashita.shun\desktop\earnest\game3\debug\life.obj
c:\users\yamashita.shun\desktop\earnest\game3\debug\light.obj
c:\users\yamashita.shun\desktop\earnest\game3\debug\main.obj
c:\users\yamashita.shun\desktop\earnest\game3\debug\ai.obj
c:\users\yamashita.shun\desktop\earnest\game3\debug\animation.obj
c:\users\yamashita.shun\desktop\earnest\game3\debug\behaviorai.obj
c:\users\yamashita.shun\desktop\earnest\game3\debug\behaviorsequence.obj
c:\users\yamashita.shun\desktop\earnest\game3\debug\brave.obj
c:\users\yamashita.shun\desktop\earnest\game3\debug\stateaicaution.obj
c:\users\yamashita.shun\desktop\earnest\game3\debug\stateainormal.obj
c:\users\yamashita.shun\desktop\earnest\game3\debug\statechase.obj
c:\users\yamashita.shun\desktop\earnest\game3\debug\aimanager.obj
c:\users\yamashita.shun\desktop\earnest\game3\debug\stateaimanager.obj
c:\users\yamashita.shun\desktop\earnest\game3\debug\characterai.obj
c:\users\yamashita.shun\desktop\employmentwork\game\debug\vc140.pdb
c:\users\yamashita.shun\desktop\employmentwork\game\debug\vc140.idb
c:\users\yamashita.shun\desktop\employmentwork\game\debug\stageselect.obj
c:\users\yamashita.shun\desktop\employmentwork\game\debug\stageselect2d.obj
c:\users\yamashita.shun\desktop\employmentwork\game\debug\stateaicaution.obj
c:\users\yamashita.shun\desktop\employmentwork\game\debug\stateaimanager.obj
c:\users\yamashita.shun\desktop\employmentwork\game\debug\stateainormal.obj
c:\users\yamashita.shun\desktop\employmentwork\game\debug\stateanimator.obj
c:\users\yamashita.shun\desktop\employmentwork\game\debug\statechase.obj
c:\users\yamashita.shun\desktop\employmentwork\game\debug\teamlogo.obj
c:\users\yamashita.shun\desktop\employmentwork\game\debug\texture.obj
c:\users\yamashita.shun\desktop\employmentwork\game\debug\title.obj
c:\users\yamashita.shun\desktop\employmentwork\game\debug\titlepress.obj
c:\users\yamashita.shun\desktop\employmentwork\game\debug\tool.obj
c:\users\yamashita.shun\desktop\employmentwork\game\debug\tutorial.obj
c:\users\yamashita.shun\desktop\employmentwork\game\debug\ui.obj
c:\users\yamashita.shun\desktop\employmentwork\game\debug\utility.obj
c:\users\yamashita.shun\desktop\employmentwork\game\debug\vector2d.obj
c:\users\yamashita.shun\desktop\employmentwork\game\debug\vector3d.obj
c:\users\yamashita.shun\desktop\employmentwork\game\debug\vector4d.obj
c:\users\yamashita.shun\desktop\employmentwork\game\debug\xact.obj
c:\users\yamashita.shun\desktop\employmentwork\game\debug\xboxcontroller.obj
c:\users\yamashita.shun\desktop\employmentwork\game\debug\meshfield.obj
c:\users\yamashita.shun\desktop\employmentwork\game\debug\meshsphere.obj
c:\users\yamashita.shun\desktop\employmentwork\game\debug\meshwall.obj
c:\users\yamashita.shun\desktop\employmentwork\game\debug\number.obj
c:\users\yamashita.shun\desktop\employmentwork\game\debug\particle.obj
c:\users\yamashita.shun\desktop\employmentwork\game\debug\player.obj
c:\users\yamashita.shun\desktop\employmentwork\game\debug\renderer.obj
c:\users\yamashita.shun\desktop\employmentwork\game\debug\result.obj
c:\users\yamashita.shun\desktop\employmentwork\game\debug\scene.obj
c:\users\yamashita.shun\desktop\employmentwork\game\debug\scene2d.obj
c:\users\yamashita.shun\desktop\employmentwork\game\debug\scene2dl.obj
c:\users\yamashita.shun\desktop\employmentwork\game\debug\scene3d.obj
c:\users\yamashita.shun\desktop\employmentwork\game\debug\scenebg.obj
c:\users\yamashita.shun\desktop\employmentwork\game\debug\scenefbx.obj
c:\users\yamashita.shun\desktop\employmentwork\game\debug\scenemodel.obj
c:\users\yamashita.shun\desktop\employmentwork\game\debug\scenemodelanim.obj
c:\users\yamashita.shun\desktop\employmentwork\game\debug\scenemodelparts.obj
c:\users\yamashita.shun\desktop\employmentwork\game\debug\selectruleai.obj
c:\users\yamashita.shun\desktop\employmentwork\game\debug\shadow.obj
c:\users\yamashita.shun\desktop\employmentwork\game\debug\sound.obj
c:\users\yamashita.shun\desktop\employmentwork\game\debug\effekseermanager.obj
c:\users\yamashita.shun\desktop\employmentwork\game\debug\emitter.obj
c:\users\yamashita.shun\desktop\employmentwork\game\debug\enemy.obj
c:\users\yamashita.shun\desktop\employmentwork\game\debug\fade.obj
c:\users\yamashita.shun\desktop\employmentwork\game\debug\field.obj
c:\users\yamashita.shun\desktop\employmentwork\game\debug\game.obj
c:\users\yamashita.shun\desktop\employmentwork\game\debug\hitfield.obj
c:\users\yamashita.shun\desktop\employmentwork\game\debug\imgui.obj
c:\users\yamashita.shun\desktop\employmentwork\game\debug\imgui_demo.obj
c:\users\yamashita.shun\desktop\employmentwork\game\debug\imgui_draw.obj
c:\users\yamashita.shun\desktop\employmentwork\game\debug\imgui_impl_dx9.obj
c:\users\yamashita.shun\desktop\employmentwork\game\debug\input.obj
c:\users\yamashita.shun\desktop\employmentwork\game\debug\joystick.obj
c:\users\yamashita.shun\desktop\employmentwork\game\debug\keyboard.obj
c:\users\yamashita.shun\desktop\employmentwork\game\debug\life.obj
c:\users\yamashita.shun\desktop\employmentwork\game\debug\light.obj
c:\users\yamashita.shun\desktop\employmentwork\game\debug\main.obj
c:\users\yamashita.shun\desktop\employmentwork\game\debug\manager.obj
c:\users\yamashita.shun\desktop\employmentwork\game\debug\meshcube.obj
c:\users\yamashita.shun\desktop\employmentwork\game\debug\meshdome.obj
c:\users\yamashita.shun\desktop\employmentwork\game\debug\aimanager.obj
c:\users\yamashita.shun\desktop\employmentwork\game\debug\animation.obj
c:\users\yamashita.shun\desktop\employmentwork\game\debug\behaviorai.obj
c:\users\yamashita.shun\desktop\employmentwork\game\debug\behaviorsequence.obj
c:\users\yamashita.shun\desktop\employmentwork\game\debug\brave.obj
c:\users\yamashita.shun\desktop\employmentwork\game\debug\bullet.obj
c:\users\yamashita.shun\desktop\employmentwork\game\debug\camera.obj
c:\users\yamashita.shun\desktop\employmentwork\game\debug\characterai.obj
c:\users\yamashita.shun\desktop\employmentwork\game\debug\colision.obj
c:\users\yamashita.shun\desktop\github_earnest\game\debug\vc140.pdb
c:\users\yamashita.shun\desktop\github_earnest\game\debug\vc140.idb
c:\users\yamashita.shun\desktop\github_earnest\game\debug\stageselect.obj
c:\users\yamashita.shun\desktop\github_earnest\game\debug\stageselect2d.obj
c:\users\yamashita.shun\desktop\github_earnest\game\debug\stateaicaution.obj
c:\users\yamashita.shun\desktop\github_earnest\game\debug\stateaimanager.obj
c:\users\yamashita.shun\desktop\github_earnest\game\debug\stateainormal.obj
c:\users\yamashita.shun\desktop\github_earnest\game\debug\stateanimator.obj
c:\users\yamashita.shun\desktop\github_earnest\game\debug\statechase.obj
c:\users\yamashita.shun\desktop\github_earnest\game\debug\teamlogo.obj
c:\users\yamashita.shun\desktop\github_earnest\game\debug\texture.obj
c:\users\yamashita.shun\desktop\github_earnest\game\debug\title.obj
c:\users\yamashita.shun\desktop\github_earnest\game\debug\titlepress.obj
c:\users\yamashita.shun\desktop\github_earnest\game\debug\tool.obj
c:\users\yamashita.shun\desktop\github_earnest\game\debug\tutorial.obj
c:\users\yamashita.shun\desktop\github_earnest\game\debug\ui.obj
c:\users\yamashita.shun\desktop\github_earnest\game\debug\utility.obj
c:\users\yamashita.shun\desktop\github_earnest\game\debug\vector2d.obj
c:\users\yamashita.shun\desktop\github_earnest\game\debug\vector3d.obj
c:\users\yamashita.shun\desktop\github_earnest\game\debug\vector4d.obj
c:\users\yamashita.shun\desktop\github_earnest\game\debug\xact.obj
c:\users\yamashita.shun\desktop\github_earnest\game\debug\xboxcontroller.obj
c:\users\yamashita.shun\desktop\github_earnest\game\debug\meshfield.obj
c:\users\yamashita.shun\desktop\github_earnest\game\debug\meshsphere.obj
c:\users\yamashita.shun\desktop\github_earnest\game\debug\meshwall.obj
c:\users\yamashita.shun\desktop\github_earnest\game\debug\number.obj
c:\users\yamashita.shun\desktop\github_earnest\game\debug\particle.obj
c:\users\yamashita.shun\desktop\github_earnest\game\debug\player.obj
c:\users\yamashita.shun\desktop\github_earnest\game\debug\renderer.obj
c:\users\yamashita.shun\desktop\github_earnest\game\debug\result.obj
c:\users\yamashita.shun\desktop\github_earnest\game\debug\scene.obj
c:\users\yamashita.shun\desktop\github_earnest\game\debug\scene2d.obj
c:\users\yamashita.shun\desktop\github_earnest\game\debug\scene2dl.obj
c:\users\yamashita.shun\desktop\github_earnest\game\debug\scene3d.obj
c:\users\yamashita.shun\desktop\github_earnest\game\debug\scenebg.obj
c:\users\yamashita.shun\desktop\github_earnest\game\debug\scenefbx.obj
c:\users\yamashita.shun\desktop\github_earnest\game\debug\scenemodel.obj
c:\users\yamashita.shun\desktop\github_earnest\game\debug\scenemodelanim.obj
c:\users\yamashita.shun\desktop\github_earnest\game\debug\scenemodelparts.obj
c:\users\yamashita.shun\desktop\github_earnest\game\debug\selectruleai.obj
c:\users\yamashita.shun\desktop\github_earnest\game\debug\shadow.obj
c:\users\yamashita.shun\desktop\github_earnest\game\debug\sound.obj
c:\users\yamashita.shun\desktop\github_earnest\game\debug\enemy.obj
c:\users\yamashita.shun\desktop\github_earnest\game\debug\fade.obj
c:\users\yamashita.shun\desktop\github_earnest\game\debug\field.obj
c:\users\yamashita.shun\desktop\github_earnest\game\debug\game.obj
c:\users\yamashita.shun\desktop\github_earnest\game\debug\hitfield.obj
c:\users\yamashita.shun\desktop\github_earnest\game\debug\imgui.obj
c:\users\yamashita.shun\desktop\github_earnest\game\debug\imgui_demo.obj
c:\users\yamashita.shun\desktop\github_earnest\game\debug\imgui_draw.obj
c:\users\yamashita.shun\desktop\github_earnest\game\debug\imgui_impl_dx9.obj
c:\users\yamashita.shun\desktop\github_earnest\game\debug\input.obj
c:\users\yamashita.shun\desktop\github_earnest\game\debug\joystick.obj
c:\users\yamashita.shun\desktop\github_earnest\game\debug\keyboard.obj
c:\users\yamashita.shun\desktop\github_earnest\game\debug\life.obj
c:\users\yamashita.shun\desktop\github_earnest\game\debug\light.obj
c:\users\yamashita.shun\desktop\github_earnest\game\debug\magicfire.obj
c:\users\yamashita.shun\desktop\github_earnest\game\debug\magiclightning.obj
c:\users\yamashita.shun\desktop\github_earnest\game\debug\main.obj
c:\users\yamashita.shun\desktop\github_earnest\game\debug\manager.obj
c:\users\yamashita.shun\desktop\github_earnest\game\debug\meshcube.obj
c:\users\yamashita.shun\desktop\github_earnest\game\debug\meshdome.obj
c:\users\yamashita.shun\desktop\github_earnest\game\debug\aimanager.obj
c:\users\yamashita.shun\desktop\github_earnest\game\debug\animation.obj
c:\users\yamashita.shun\desktop\github_earnest\game\debug\behaviorai.obj
c:\users\yamashita.shun\desktop\github_earnest\game\debug\behaviorsequence.obj
c:\users\yamashita.shun\desktop\github_earnest\game\debug\brave.obj
c:\users\yamashita.shun\desktop\github_earnest\game\debug\bullet.obj
c:\users\yamashita.shun\desktop\github_earnest\game\debug\camera.obj
c:\users\yamashita.shun\desktop\github_earnest\game\debug\characterai.obj
c:\users\yamashita.shun\desktop\github_earnest\game\debug\colision.obj
c:\users\yamashita.shun\desktop\github_earnest\game\debug\effekseermanager.obj
c:\users\yamashita.shun\desktop\github_earnest\game\debug\emitter.obj
c:\users\yamashita.shun\desktop\github_earnest\game\debug\magictornade.obj
c:\users\yamashita.shun\desktop\earnest_repos\game\debug\vc140.pdb
c:\users\yamashita.shun\desktop\earnest_repos\game\debug\vc140.idb
c:\users\yamashita.shun\desktop\earnest_repos\game\debug\teamlogo.obj
c:\users\yamashita.shun\desktop\earnest_repos\game\debug\texture.obj
c:\users\yamashita.shun\desktop\earnest_repos\game\debug\title.obj
c:\users\yamashita.shun\desktop\earnest_repos\game\debug\titlepress.obj
c:\users\yamashita.shun\desktop\earnest_repos\game\debug\tool.obj
c:\users\yamashita.shun\desktop\earnest_repos\game\debug\tutorial.obj
c:\users\yamashita.shun\desktop\earnest_repos\game\debug\utility.obj
c:\users\yamashita.shun\desktop\earnest_repos\game\debug\vector2d.obj
c:\users\yamashita.shun\desktop\earnest_repos\game\debug\vector3d.obj
c:\users\yamashita.shun\desktop\earnest_repos\game\debug\vector4d.obj
c:\users\yamashita.shun\desktop\earnest_repos\game\debug\wwise.obj
c:\users\yamashita.shun\desktop\earnest_repos\game\debug\akdefaultlowleveliodispatcher.obj
c:\users\yamashita.shun\desktop\earnest_repos\game\debug\akfilelocationbase.obj
c:\users\yamashita.shun\desktop\earnest_repos\game\debug\akfilepackage.obj
c:\users\yamashita.shun\desktop\earnest_repos\game\debug\akfilepackagelut.obj
c:\users\yamashita.shun\desktop\earnest_repos\game\debug\akdefaultiohookblocking.obj
c:\users\yamashita.shun\desktop\earnest_repos\game\debug\akdefaultiohookdeferred.obj
c:\users\yamashita.shun\desktop\earnest_repos\game\debug\stdafx.obj
c:\users\yamashita.shun\desktop\earnest_repos\game\debug\xact.obj
c:\users\yamashita.shun\desktop\earnest_repos\game\debug\xboxcontroller.obj
c:\users\yamashita.shun\desktop\earnest_repos\game\debug\scene.obj
c:\users\yamashita.shun\desktop\earnest_repos\game\debug\scene2d.obj
c:\users\yamashita.shun\desktop\earnest_repos\game\debug\scene2dl.obj
c:\users\yamashita.shun\desktop\earnest_repos\game\debug\scene3d.obj
c:\users\yamashita.shun\desktop\earnest_repos\game\debug\scenebg.obj
c:\users\yamashita.shun\desktop\earnest_repos\game\debug\scenefbx.obj
c:\users\yamashita.shun\desktop\earnest_repos\game\debug\scenemodel.obj
c:\users\yamashita.shun\desktop\earnest_repos\game\debug\scenemodelanim.obj
c:\users\yamashita.shun\desktop\earnest_repos\game\debug\scenemodelparts.obj
c:\users\yamashita.shun\desktop\earnest_repos\game\debug\selectruleai.obj
c:\users\yamashita.shun\desktop\earnest_repos\game\debug\selectvsmode.obj
c:\users\yamashita.shun\desktop\earnest_repos\game\debug\shadow.obj
c:\users\yamashita.shun\desktop\earnest_repos\game\debug\sound.obj
c:\users\yamashita.shun\desktop\earnest_repos\game\debug\stageselect.obj
c:\users\yamashita.shun\desktop\earnest_repos\game\debug\stageselect2d.obj
c:\users\yamashita.shun\desktop\earnest_repos\game\debug\stateaicaution.obj
c:\users\yamashita.shun\desktop\earnest_repos\game\debug\stateaimanager.obj
c:\users\yamashita.shun\desktop\earnest_repos\game\debug\stateainormal.obj
c:\users\yamashita.shun\desktop\earnest_repos\game\debug\stateanimator.obj
c:\users\yamashita.shun\desktop\earnest_repos\game\debug\statechase.obj
c:\users\yamashita.shun\desktop\earnest_repos\game\debug\magicfire.obj
c:\users\yamashita.shun\desktop\earnest_repos\game\debug\magiclightning.obj
c:\users\yamashita.shun\desktop\earnest_repos\game\debug\magictornade.obj
c:\users\yamashita.shun\desktop\earnest_repos\game\debug\main.obj
c:\users\yamashita.shun\desktop\earnest_repos\game\debug\manager.obj
c:\users\yamashita.shun\desktop\earnest_repos\game\debug\meshcube.obj
c:\users\yamashita.shun\desktop\earnest_repos\game\debug\meshdome.obj
c:\users\yamashita.shun\desktop\earnest_repos\game\debug\meshfield.obj
c:\users\yamashita.shun\desktop\earnest_repos\game\debug\meshsphere.obj
c:\users\yamashita.shun\desktop\earnest_repos\game\debug\meshwall.obj
c:\users\yamashita.shun\desktop\earnest_repos\game\debug\metaai.obj
c:\users\yamashita.shun\desktop\earnest_repos\game\debug\number.obj
c:\users\yamashita.shun\desktop\earnest_repos\game\debug\particle.obj
c:\users\yamashita.shun\desktop\earnest_repos\game\debug\player.obj
c:\users\yamashita.shun\desktop\earnest_repos\game\debug\playerresult.obj
c:\users\yamashita.shun\desktop\earnest_repos\game\debug\playerselect.obj
c:\users\yamashita.shun\desktop\earnest_repos\game\debug\playerui.obj
c:\users\yamashita.shun\desktop\earnest_repos\game\debug\readyselect.obj
c:\users\yamashita.shun\desktop\earnest_repos\game\debug\renderer.obj
c:\users\yamashita.shun\desktop\earnest_repos\game\debug\result.obj
c:\users\yamashita.shun\desktop\earnest_repos\game\debug\characterai.obj
c:\users\yamashita.shun\desktop\earnest_repos\game\debug\colision.obj
c:\users\yamashita.shun\desktop\earnest_repos\game\debug\crystalmagic.obj
c:\users\yamashita.shun\desktop\earnest_repos\game\debug\effekseermanager.obj
c:\users\yamashita.shun\desktop\earnest_repos\game\debug\emitter.obj
c:\users\yamashita.shun\desktop\earnest_repos\game\debug\enemy.obj
c:\users\yamashita.shun\desktop\earnest_repos\game\debug\fade.obj
c:\users\yamashita.shun\desktop\earnest_repos\game\debug\field.obj
c:\users\yamashita.shun\desktop\earnest_repos\game\debug\game.obj
c:\users\yamashita.shun\desktop\earnest_repos\game\debug\hitfield.obj
c:\users\yamashita.shun\desktop\earnest_repos\game\debug\imgui.obj
c:\users\yamashita.shun\desktop\earnest_repos\game\debug\imgui_demo.obj
c:\users\yamashita.shun\desktop\earnest_repos\game\debug\imgui_draw.obj
c:\users\yamashita.shun\desktop\earnest_repos\game\debug\imgui_impl_dx9.obj
c:\users\yamashita.shun\desktop\earnest_repos\game\debug\input.obj
c:\users\yamashita.shun\desktop\earnest_repos\game\debug\item.obj
c:\users\yamashita.shun\desktop\earnest_repos\game\debug\joystick.obj
c:\users\yamashita.shun\desktop\earnest_repos\game\debug\keyboard.obj
c:\users\yamashita.shun\desktop\earnest_repos\game\debug\life.obj
c:\users\yamashita.shun\desktop\earnest_repos\game\debug\light.obj
c:\users\yamashita.shun\desktop\earnest_repos\game\debug\stencilshadow.obj
c:\users\yamashita.shun\desktop\earnest_repos\game\debug\objectfbx.obj
c:\users\yamashita.shun\desktop\earnest_repos\game\debug\test.obj
c:\users\yamashita.shun\desktop\earnest_repos\game\debug\aimanager.obj
c:\users\yamashita.shun\desktop\earnest_repos\game\debug\animation.obj
c:\users\yamashita.shun\desktop\earnest_repos\game\debug\behaviorai.obj
c:\users\yamashita.shun\desktop\earnest_repos\game\debug\behaviorsequence.obj
c:\users\yamashita.shun\desktop\earnest_repos\game\debug\brave.obj
c:\users\yamashita.shun\desktop\earnest_repos\game\debug\bullet.obj
c:\users\yamashita.shun\desktop\earnest_repos\game\debug\camera.obj
c:\users\yamashita.shun\desktop\earnest_repos\game\debug\unityfbx.obj
c:\users\yamashita.shun\desktop\game\debug\vc140.pdb
c:\users\yamashita.shun\desktop\game\debug\vc140.idb
c:\users\yamashita.shun\desktop\game\debug\texture.obj
c:\users\yamashita.shun\desktop\game\debug\title.obj
c:\users\yamashita.shun\desktop\game\debug\titlepress.obj
c:\users\yamashita.shun\desktop\game\debug\tool.obj
c:\users\yamashita.shun\desktop\game\debug\tutorial.obj
c:\users\yamashita.shun\desktop\game\debug\unityfbx.obj
c:\users\yamashita.shun\desktop\game\debug\utility.obj
c:\users\yamashita.shun\desktop\game\debug\vector2d.obj
c:\users\yamashita.shun\desktop\game\debug\vector3d.obj
c:\users\yamashita.shun\desktop\game\debug\vector4d.obj
c:\users\yamashita.shun\desktop\game\debug\wwise.obj
c:\users\yamashita.shun\desktop\game\debug\akdefaultlowleveliodispatcher.obj
c:\users\yamashita.shun\desktop\game\debug\akfilelocationbase.obj
c:\users\yamashita.shun\desktop\game\debug\akfilepackage.obj
c:\users\yamashita.shun\desktop\game\debug\akfilepackagelut.obj
c:\users\yamashita.shun\desktop\game\debug\akdefaultiohookblocking.obj
c:\users\yamashita.shun\desktop\game\debug\akdefaultiohookdeferred.obj
c:\users\yamashita.shun\desktop\game\debug\stdafx.obj
c:\users\yamashita.shun\desktop\game\debug\xact.obj
c:\users\yamashita.shun\desktop\game\debug\xboxcontroller.obj
c:\users\yamashita.shun\desktop\game\debug\scenebg.obj
c:\users\yamashita.shun\desktop\game\debug\scenefbx.obj
c:\users\yamashita.shun\desktop\game\debug\scenemodel.obj
c:\users\yamashita.shun\desktop\game\debug\scenemodelanim.obj
c:\users\yamashita.shun\desktop\game\debug\scenemodelparts.obj
c:\users\yamashita.shun\desktop\game\debug\selectruleai.obj
c:\users\yamashita.shun\desktop\game\debug\selectvsmode.obj
c:\users\yamashita.shun\desktop\game\debug\shadermanager.obj
c:\users\yamashita.shun\desktop\game\debug\shadow.obj
c:\users\yamashita.shun\desktop\game\debug\sound.obj
c:\users\yamashita.shun\desktop\game\debug\stageselect.obj
c:\users\yamashita.shun\desktop\game\debug\stageselect2d.obj
c:\users\yamashita.shun\desktop\game\debug\stateaicaution.obj
c:\users\yamashita.shun\desktop\game\debug\stateaimanager.obj
c:\users\yamashita.shun\desktop\game\debug\stateainormal.obj
c:\users\yamashita.shun\desktop\game\debug\stateanimator.obj
c:\users\yamashita.shun\desktop\game\debug\statechase.obj
c:\users\yamashita.shun\desktop\game\debug\stencilshadow.obj
c:\users\yamashita.shun\desktop\game\debug\teamlogo.obj
c:\users\yamashita.shun\desktop\game\debug\test.obj
c:\users\yamashita.shun\desktop\game\debug\meshcube.obj
c:\users\yamashita.shun\desktop\game\debug\meshdome.obj
c:\users\yamashita.shun\desktop\game\debug\meshfield.obj
c:\users\yamashita.shun\desktop\game\debug\meshsphere.obj
c:\users\yamashita.shun\desktop\game\debug\meshwall.obj
c:\users\yamashita.shun\desktop\game\debug\metaai.obj
c:\users\yamashita.shun\desktop\game\debug\number.obj
c:\users\yamashita.shun\desktop\game\debug\objectfbx.obj
c:\users\yamashita.shun\desktop\game\debug\particle.obj
c:\users\yamashita.shun\desktop\game\debug\player.obj
c:\users\yamashita.shun\desktop\game\debug\playerresult.obj
c:\users\yamashita.shun\desktop\game\debug\playerselect.obj
c:\users\yamashita.shun\desktop\game\debug\playerui.obj
c:\users\yamashita.shun\desktop\game\debug\readyselect.obj
c:\users\yamashita.shun\desktop\game\debug\renderer.obj
c:\users\yamashita.shun\desktop\game\debug\result.obj
c:\users\yamashita.shun\desktop\game\debug\scene.obj
c:\users\yamashita.shun\desktop\game\debug\scene2d.obj
c:\users\yamashita.shun\desktop\game\debug\scene2dl.obj
c:\users\yamashita.shun\desktop\game\debug\scene3d.obj
c:\users\yamashita.shun\desktop\game\debug\enemy.obj
c:\users\yamashita.shun\desktop\game\debug\fade.obj
c:\users\yamashita.shun\desktop\game\debug\field.obj
c:\users\yamashita.shun\desktop\game\debug\game.obj
c:\users\yamashita.shun\desktop\game\debug\hitfield.obj
c:\users\yamashita.shun\desktop\game\debug\imgui.obj
c:\users\yamashita.shun\desktop\game\debug\imgui_demo.obj
c:\users\yamashita.shun\desktop\game\debug\imgui_draw.obj
c:\users\yamashita.shun\desktop\game\debug\imgui_impl_dx9.obj
c:\users\yamashita.shun\desktop\game\debug\input.obj
c:\users\yamashita.shun\desktop\game\debug\item.obj
c:\users\yamashita.shun\desktop\game\debug\joystick.obj
c:\users\yamashita.shun\desktop\game\debug\keyboard.obj
c:\users\yamashita.shun\desktop\game\debug\life.obj
c:\users\yamashita.shun\desktop\game\debug\light.obj
c:\users\yamashita.shun\desktop\game\debug\magicfire.obj
c:\users\yamashita.shun\desktop\game\debug\magiclightning.obj
c:\users\yamashita.shun\desktop\game\debug\magictornade.obj
c:\users\yamashita.shun\desktop\game\debug\main.obj
c:\users\yamashita.shun\desktop\game\debug\manager.obj
c:\users\yamashita.shun\desktop\game\debug\aimanager.obj
c:\users\yamashita.shun\desktop\game\debug\animation.obj
c:\users\yamashita.shun\desktop\game\debug\behaviorai.obj
c:\users\yamashita.shun\desktop\game\debug\behaviorsequence.obj
c:\users\yamashita.shun\desktop\game\debug\brave.obj
c:\users\yamashita.shun\desktop\game\debug\bullet.obj
c:\users\yamashita.shun\desktop\game\debug\camera.obj
c:\users\yamashita.shun\desktop\game\debug\characterai.obj
c:\users\yamashita.shun\desktop\game\debug\colision.obj
c:\users\yamashita.shun\desktop\game\debug\crystalmagic.obj
c:\users\yamashita.shun\desktop\game\debug\effekseermanager.obj
c:\users\yamashita.shun\desktop\game\debug\emitter.obj
c:\users\yamashita.shun\desktop\game\debug\shader2d.obj
c:\users\yamashita.shun\desktop\game\debug\shader3d.obj
c:\users\yamashita.shun\desktop\game\debug\shader3dnolight.obj
c:\users\yamashita.shun\desktop\game(shader)\debug\vc140.pdb
c:\users\yamashita.shun\desktop\game(shader)\debug\vc140.idb
c:\users\yamashita.shun\desktop\game(shader)\debug\texture.obj
c:\users\yamashita.shun\desktop\game(shader)\debug\title.obj
c:\users\yamashita.shun\desktop\game(shader)\debug\titlepress.obj
c:\users\yamashita.shun\desktop\game(shader)\debug\tool.obj
c:\users\yamashita.shun\desktop\game(shader)\debug\tutorial.obj
c:\users\yamashita.shun\desktop\game(shader)\debug\unityfbx.obj
c:\users\yamashita.shun\desktop\game(shader)\debug\utility.obj
c:\users\yamashita.shun\desktop\game(shader)\debug\vector2d.obj
c:\users\yamashita.shun\desktop\game(shader)\debug\vector3d.obj
c:\users\yamashita.shun\desktop\game(shader)\debug\vector4d.obj
c:\users\yamashita.shun\desktop\game(shader)\debug\wwise.obj
c:\users\yamashita.shun\desktop\game(shader)\debug\akdefaultlowleveliodispatcher.obj
c:\users\yamashita.shun\desktop\game(shader)\debug\akfilelocationbase.obj
c:\users\yamashita.shun\desktop\game(shader)\debug\akfilepackage.obj
c:\users\yamashita.shun\desktop\game(shader)\debug\akfilepackagelut.obj
c:\users\yamashita.shun\desktop\game(shader)\debug\akdefaultiohookblocking.obj
c:\users\yamashita.shun\desktop\game(shader)\debug\akdefaultiohookdeferred.obj
c:\users\yamashita.shun\desktop\game(shader)\debug\stdafx.obj
c:\users\yamashita.shun\desktop\game(shader)\debug\xact.obj
c:\users\yamashita.shun\desktop\game(shader)\debug\xboxcontroller.obj
c:\users\yamashita.shun\desktop\game(shader)\debug\scenemodel.obj
c:\users\yamashita.shun\desktop\game(shader)\debug\scenemodelanim.obj
c:\users\yamashita.shun\desktop\game(shader)\debug\scenemodelparts.obj
c:\users\yamashita.shun\desktop\game(shader)\debug\selectruleai.obj
c:\users\yamashita.shun\desktop\game(shader)\debug\selectvsmode.obj
c:\users\yamashita.shun\desktop\game(shader)\debug\shadow.obj
c:\users\yamashita.shun\desktop\game(shader)\debug\sound.obj
c:\users\yamashita.shun\desktop\game(shader)\debug\stageselect.obj
c:\users\yamashita.shun\desktop\game(shader)\debug\stageselect2d.obj
c:\users\yamashita.shun\desktop\game(shader)\debug\stateaicaution.obj
c:\users\yamashita.shun\desktop\game(shader)\debug\stateaimanager.obj
c:\users\yamashita.shun\desktop\game(shader)\debug\stateainormal.obj
c:\users\yamashita.shun\desktop\game(shader)\debug\stateanimator.obj
c:\users\yamashita.shun\desktop\game(shader)\debug\statechase.obj
c:\users\yamashita.shun\desktop\game(shader)\debug\stencilshadow.obj
c:\users\yamashita.shun\desktop\game(shader)\debug\teamlogo.obj
c:\users\yamashita.shun\desktop\game(shader)\debug\test.obj
c:\users\yamashita.shun\desktop\game(shader)\debug\meshwall.obj
c:\users\yamashita.shun\desktop\game(shader)\debug\metaai.obj
c:\users\yamashita.shun\desktop\game(shader)\debug\number.obj
c:\users\yamashita.shun\desktop\game(shader)\debug\objectfbx.obj
c:\users\yamashita.shun\desktop\game(shader)\debug\particle.obj
c:\users\yamashita.shun\desktop\game(shader)\debug\player.obj
c:\users\yamashita.shun\desktop\game(shader)\debug\playerresult.obj
c:\users\yamashita.shun\desktop\game(shader)\debug\playerselect.obj
c:\users\yamashita.shun\desktop\game(shader)\debug\playerui.obj
c:\users\yamashita.shun\desktop\game(shader)\debug\readyselect.obj
c:\users\yamashita.shun\desktop\game(shader)\debug\renderer.obj
c:\users\yamashita.shun\desktop\game(shader)\debug\result.obj
c:\users\yamashita.shun\desktop\game(shader)\debug\scene.obj
c:\users\yamashita.shun\desktop\game(shader)\debug\scene2d.obj
c:\users\yamashita.shun\desktop\game(shader)\debug\scene2dl.obj
c:\users\yamashita.shun\desktop\game(shader)\debug\scene3d.obj
c:\users\yamashita.shun\desktop\game(shader)\debug\scenebg.obj
c:\users\yamashita.shun\desktop\game(shader)\debug\scenefbx.obj
c:\users\yamashita.shun\desktop\game(shader)\debug\field.obj
c:\users\yamashita.shun\desktop\game(shader)\debug\game.obj
c:\users\yamashita.shun\desktop\game(shader)\debug\hitfield.obj
c:\users\yamashita.shun\desktop\game(shader)\debug\imgui.obj
c:\users\yamashita.shun\desktop\game(shader)\debug\imgui_demo.obj
c:\users\yamashita.shun\desktop\game(shader)\debug\imgui_draw.obj
c:\users\yamashita.shun\desktop\game(shader)\debug\imgui_impl_dx9.obj
c:\users\yamashita.shun\desktop\game(shader)\debug\input.obj
c:\users\yamashita.shun\desktop\game(shader)\debug\item.obj
c:\users\yamashita.shun\desktop\game(shader)\debug\joystick.obj
c:\users\yamashita.shun\desktop\game(shader)\debug\keyboard.obj
c:\users\yamashita.shun\desktop\game(shader)\debug\life.obj
c:\users\yamashita.shun\desktop\game(shader)\debug\light.obj
c:\users\yamashita.shun\desktop\game(shader)\debug\magicfire.obj
c:\users\yamashita.shun\desktop\game(shader)\debug\magiclightning.obj
c:\users\yamashita.shun\desktop\game(shader)\debug\magictornade.obj
c:\users\yamashita.shun\desktop\game(shader)\debug\main.obj
c:\users\yamashita.shun\desktop\game(shader)\debug\manager.obj
c:\users\yamashita.shun\desktop\game(shader)\debug\meshcube.obj
c:\users\yamashita.shun\desktop\game(shader)\debug\aimanager.obj
c:\users\yamashita.shun\desktop\game(shader)\debug\animation.obj
c:\users\yamashita.shun\desktop\game(shader)\debug\behaviorai.obj
c:\users\yamashita.shun\desktop\game(shader)\debug\behaviorsequence.obj
c:\users\yamashita.shun\desktop\game(shader)\debug\brave.obj
c:\users\yamashita.shun\desktop\game(shader)\debug\bullet.obj
c:\users\yamashita.shun\desktop\game(shader)\debug\camera.obj
c:\users\yamashita.shun\desktop\game(shader)\debug\characterai.obj
c:\users\yamashita.shun\desktop\game(shader)\debug\colision.obj
c:\users\yamashita.shun\desktop\game(shader)\debug\crystalmagic.obj
c:\users\yamashita.shun\desktop\game(shader)\debug\effekseermanager.obj
c:\users\yamashita.shun\desktop\game(shader)\debug\emitter.obj
c:\users\yamashita.shun\desktop\game(shader)\debug\enemy.obj
c:\users\yamashita.shun\desktop\game(shader)\debug\fade.obj
c:\users\yamashita.shun\desktop\game(shader)\debug\shader.obj
c:\users\yamashita.shun\desktop\game(shader)\debug\shader3d.obj
c:\users\yamashita.shun\desktop\game(shader)\debug\shader3dnotexture.obj
c:\users\yamashita.shun\desktop\game(shader)\debug\shadermanager.obj
c:\users\yamashita.shun\desktop\game(shader)\debug\meshdome.obj
c:\users\yamashita.shun\desktop\game(shader)\debug\meshfield.obj
c:\users\yamashita.shun\desktop\game(shader)\debug\meshsphere.obj
c:\users\yamashita.shun\desktop\game(shader)\debug\shader3dnolight.obj
c:\users\yamashita.shun\desktop\game\data\shader\shader.cso
c:\users\yamashita.shun\desktop\earnest_repos\game\gm31_lessondebug.lib
c:\users\yamashita.shun\desktop\earnest_repos\game\gm31_lessondebug.exp
c:\users\yamashita.shun\desktop\game\gm31_lessondebug.lib
c:\users\yamashita.shun\desktop\game\gm31_lessondebug.exp
c:\users\yamashita.shun\desktop\game\shader.cso
c:\users\yamashita.shun\desktop\game(shader)\gm31_lessondebug.lib
c:\users\yamashita.shun\desktop\game(shader)\gm31_lessondebug.exp
c:\users\yamashita.shun\desktop\earnest\game2\gm31_lessondebug.ilk
c:\users\yamashita.shun\desktop\earnest\game2\gm31_lessondebug.exe
c:\users\yamashita.shun\desktop\earnest\game2\gm31_lessondebug.pdb
c:\users\yamashita.shun\desktop\earnest\game3\gm31_lessondebug.ilk
c:\users\yamashita.shun\desktop\earnest\game3\gm31_lessondebug.exe
c:\users\yamashita.shun\desktop\earnest\game3\gm31_lessondebug.pdb
c:\users\yamashita.shun\desktop\employmentwork\game\gm31_lessondebug.ilk
c:\users\yamashita.shun\desktop\employmentwork\game\gm31_lessondebug.exe
c:\users\yamashita.shun\desktop\employmentwork\game\gm31_lessondebug.pdb
c:\users\yamashita.shun\desktop\github_earnest\game\gm31_lessondebug.ilk
c:\users\yamashita.shun\desktop\github_earnest\game\gm31_lessondebug.exe
c:\users\yamashita.shun\desktop\github_earnest\game\gm31_lessondebug.pdb
c:\users\yamashita.shun\desktop\earnest_repos\game\gm31_lessondebug.ilk
c:\users\yamashita.shun\desktop\earnest_repos\game\gm31_lessondebug.exe
c:\users\yamashita.shun\desktop\earnest_repos\game\gm31_lessondebug.pdb
c:\users\yamashita.shun\desktop\game\gm31_lessondebug.ilk
c:\users\yamashita.shun\desktop\game\gm31_lessondebug.exe
c:\users\yamashita.shun\desktop\game\gm31_lessondebug.pdb
c:\users\yamashita.shun\desktop\game(shader)\gm31_lessondebug.ilk
c:\users\yamashita.shun\desktop\game(shader)\gm31_lessondebug.exe
c:\users\yamashita.shun\desktop\game(shader)\gm31_lessondebug.pdb
c:\users\yamashita.shun\desktop\game(shader)\debug\ai.obj
c:\users\yamashita.shun\desktop\game(shader)\debug\shader2d.obj
c:\users\yamashita.shun\desktop\game(shader)\debug\stateai.obj
c:\users\yamashita.shun\desktop\game(shader)\debug\ui.obj
c:\users\yamashita.shun\desktop\game(shader)\debug\camera.obj.enc
c:\users\yamashita.shun\desktop\game(shader)\debug\manager.obj.enc
c:\users\yamashita.shun\desktop\game(shader)\debug\meshdome.obj.enc
c:\users\yamashita.shun\desktop\game(shader)\debug\meshfield.obj.enc
c:\users\yamashita.shun\desktop\game(shader)\debug\meshsphere.obj.enc
c:\users\yamashita.shun\desktop\game(shader)\debug\objectfbx.obj.enc
c:\users\yamashita.shun\desktop\game(shader)\debug\player.obj.enc
c:\users\yamashita.shun\desktop\game(shader)\debug\scenemodel.obj.enc
c:\users\yamashita.shun\desktop\game(shader)\debug\scenemodelparts.obj.enc
c:\users\yamashita.shun\desktop\game(shader)\debug\shader.obj.enc
c:\users\yamashita.shun\desktop\game(shader)\debug\shader3d.obj.enc
c:\users\yamashita.shun\desktop\game(shader)\debug\shader3dnolight.obj.enc
c:\users\yamashita.shun\desktop\game(shader)\debug\shader3dnotexture.obj.enc
c:\users\yamashita.shun\desktop\game(shader)\debug\shadermanager.obj.enc
c:\users\yamashita.shun\desktop\game(shader)\debug\stencilshadow.obj.enc
c:\users\yamashita.shun\desktop\game(shader)\debug\unityfbx.obj.enc
c:\users\yamashita.shun\desktop\game(shader)\\gm31_lessondebug.pdb
c:\users\yamashita.shun\desktop\game(shader)\\gm31_lessondebug.exe
c:\users\yamashita.shun\desktop\game(shader)\\gm31_lessondebug.ilk
c:\users\yamashita.shun\desktop\game(shader)\debug\gm31_lesson.tlog\cl.command.1.tlog
c:\users\yamashita.shun\desktop\game(shader)\debug\gm31_lesson.tlog\cl.read.1.tlog
c:\users\yamashita.shun\desktop\game(shader)\debug\gm31_lesson.tlog\cl.write.1.tlog
c:\users\yamashita.shun\desktop\game(shader)\debug\gm31_lesson.tlog\fxc.command.1.tlog
c:\users\yamashita.shun\desktop\game(shader)\debug\gm31_lesson.tlog\fxc.read.1.tlog
c:\users\yamashita.shun\desktop\game(shader)\debug\gm31_lesson.tlog\fxc.write.1.tlog
c:\users\yamashita.shun\desktop\game(shader)\debug\gm31_lesson.tlog\gm31_lesson.write.1u.tlog
c:\users\yamashita.shun\desktop\game(shader)\debug\gm31_lesson.tlog\link.command.1.tlog
c:\users\yamashita.shun\desktop\game(shader)\debug\gm31_lesson.tlog\link.read.1.tlog
c:\users\yamashita.shun\desktop\game(shader)\debug\gm31_lesson.tlog\link.write.1.tlog
